<?xml version="1.0" encoding="UTF-8"?>
<!-- Generated by org.testng.reporters.JUnitReportReporter -->
<testsuite hostname="DESKTOP-7RQBLGT" failures="0" tests="1" name="com.w3schools.tests.LoginTest" time="18.898" errors="0" timestamp="2023-11-23T10:55:15 IST" skipped="0">
  <testcase classname="com.w3schools.tests.LoginTest" name="loginWithValidCredentials" time="18.898"/>
  <system-out/>
</testsuite> <!-- com.w3schools.tests.LoginTest -->
