<?xml version="1.0" encoding="UTF-8"?>
<!-- Generated by org.testng.reporters.JUnitReportReporter -->
<testsuite hostname="DESKTOP-7RQBLGT" failures="0" tests="1" name="com.w3schools.tests.LoginTest" time="19.155" errors="0" timestamp="2023-11-23T11:10:17 IST" skipped="0">
  <testcase classname="com.w3schools.tests.LoginTest" name="loginWithValidCredentials" time="19.155"/>
  <system-out/>
</testsuite> <!-- com.w3schools.tests.LoginTest -->
